2025-05-10 09:24:21,981 - db_helper - INFO - Fetching expenses for date: 2024-08-01
2025-05-10 09:24:26,491 - db_helper - INFO - Connection Successful
2025-05-10 09:24:29,525 - db_helper - INFO - Connection closed
2025-05-10 09:24:29,582 - db_helper - INFO - Fetching monthly expense analytics.
2025-05-10 09:24:30,273 - db_helper - INFO - Connection Successful
2025-05-10 09:24:31,810 - db_helper - INFO - Connection closed
2025-05-10 09:24:35,724 - db_helper - INFO - Fetching expenses for date: 2024-08-01
2025-05-10 09:24:35,892 - db_helper - INFO - Connection Successful
2025-05-10 09:24:35,907 - db_helper - INFO - Connection closed
2025-05-10 09:24:35,925 - db_helper - INFO - Fetching expense summary from 2024-01-01 to 2024-12-31
2025-05-10 09:24:36,076 - db_helper - INFO - Connection Successful
2025-05-10 09:24:36,106 - db_helper - INFO - Connection closed
2025-05-10 09:24:36,127 - db_helper - INFO - Fetching monthly expense analytics.
2025-05-10 09:24:36,276 - db_helper - INFO - Connection Successful
2025-05-10 09:24:36,279 - db_helper - INFO - Connection closed
2025-05-10 09:46:31,309 - db_helper - INFO - Fetching expenses for date: 2024-08-01
2025-05-10 09:46:31,556 - db_helper - INFO - Connection Successful
2025-05-10 09:46:31,580 - db_helper - INFO - Connection closed
2025-05-10 09:46:31,604 - db_helper - INFO - Deleting expenses for date: 2024-08-01
2025-05-10 09:46:31,741 - db_helper - INFO - Connection Successful
2025-05-10 09:46:32,547 - db_helper - INFO - Connection closed
2025-05-10 09:46:32,549 - db_helper - INFO - Inserting expense for 2024-08-01 with amount: 1227.0, category: Rent
2025-05-10 09:46:32,871 - db_helper - INFO - Connection Successful
2025-05-10 09:46:33,305 - db_helper - INFO - Connection closed
2025-05-10 09:46:33,307 - db_helper - INFO - Inserting expense for 2024-08-01 with amount: 300.0, category: Food
2025-05-10 09:46:33,491 - db_helper - INFO - Connection Successful
2025-05-10 09:46:33,713 - db_helper - INFO - Connection closed
2025-05-10 09:46:33,715 - db_helper - INFO - Inserting expense for 2024-08-01 with amount: 500.0, category: Shopping
2025-05-10 09:46:33,910 - db_helper - INFO - Connection Successful
2025-05-10 09:46:34,126 - db_helper - INFO - Connection closed
2025-05-10 09:46:34,128 - db_helper - INFO - Inserting expense for 2024-08-01 with amount: 300.0, category: Food
2025-05-10 09:46:34,485 - db_helper - INFO - Connection Successful
2025-05-10 09:46:34,777 - db_helper - INFO - Connection closed
2025-05-10 09:46:34,778 - db_helper - INFO - Inserting expense for 2024-08-01 with amount: 20.0, category: Shopping
2025-05-10 09:46:34,959 - db_helper - INFO - Connection Successful
2025-05-10 09:46:35,069 - db_helper - INFO - Connection closed
2025-05-10 09:46:35,078 - db_helper - INFO - Fetching monthly expense analytics.
2025-05-10 09:46:35,243 - db_helper - INFO - Connection Successful
2025-05-10 09:46:35,246 - db_helper - INFO - Connection closed
2025-05-10 09:56:32,212 - db_helper - INFO - Fetching expenses for date: 2024-08-07
2025-05-10 09:56:32,517 - db_helper - INFO - Connection Successful
2025-05-10 09:56:32,553 - db_helper - INFO - Connection closed
2025-05-10 09:56:32,576 - db_helper - INFO - Fetching monthly expense analytics.
2025-05-10 09:56:32,683 - db_helper - INFO - Connection Successful
2025-05-10 09:56:32,690 - db_helper - INFO - Connection closed
2025-05-10 10:04:24,975 - db_helper - INFO - Fetching expense summary from 2024-08-01 to 2024-08-05
2025-05-10 10:04:25,088 - db_helper - INFO - Connection Successful
2025-05-10 10:04:25,091 - db_helper - INFO - Connection closed
2025-05-10 10:18:45,178 - db_helper - INFO - Fetching expenses for date: 2024-08-07
2025-05-10 10:18:45,496 - db_helper - INFO - Connection Successful
2025-05-10 10:18:45,512 - db_helper - INFO - Connection closed
2025-05-10 10:18:45,543 - db_helper - INFO - Fetching monthly expense analytics.
2025-05-10 10:18:45,651 - db_helper - INFO - Connection Successful
2025-05-10 10:18:45,653 - db_helper - INFO - Connection closed
2025-05-10 10:20:23,198 - db_helper - INFO - Fetching expenses for date: 2024-08-07
2025-05-10 10:20:23,434 - db_helper - INFO - Connection Successful
2025-05-10 10:20:23,440 - db_helper - INFO - Connection closed
2025-05-10 10:20:23,471 - db_helper - INFO - Fetching monthly expense analytics.
2025-05-10 10:20:23,603 - db_helper - INFO - Connection Successful
2025-05-10 10:20:23,605 - db_helper - INFO - Connection closed
2025-05-10 10:23:35,238 - db_helper - INFO - Fetching expenses for date: 2024-08-07
2025-05-10 10:23:35,451 - db_helper - INFO - Connection Successful
2025-05-10 10:23:35,455 - db_helper - INFO - Connection closed
2025-05-10 10:23:35,487 - db_helper - INFO - Fetching monthly expense analytics.
2025-05-10 10:23:35,580 - db_helper - INFO - Connection Successful
2025-05-10 10:23:35,582 - db_helper - INFO - Connection closed
2025-05-10 10:28:35,125 - db_helper - INFO - Fetching expenses for date: 2024-08-07
2025-05-10 10:28:35,416 - db_helper - INFO - Connection Successful
2025-05-10 10:28:35,440 - db_helper - INFO - Connection closed
2025-05-10 10:28:35,474 - db_helper - INFO - Fetching monthly expense analytics.
2025-05-10 10:28:35,604 - db_helper - INFO - Connection Successful
2025-05-10 10:28:35,606 - db_helper - INFO - Connection closed
2025-05-10 10:29:45,669 - db_helper - INFO - Fetching expenses for date: 2024-08-07
2025-05-10 10:29:45,927 - db_helper - INFO - Connection Successful
2025-05-10 10:29:45,956 - db_helper - INFO - Connection closed
2025-05-10 10:29:45,985 - db_helper - INFO - Fetching monthly expense analytics.
2025-05-10 10:29:46,099 - db_helper - INFO - Connection Successful
2025-05-10 10:29:46,152 - db_helper - INFO - Connection closed
2025-05-10 10:29:52,297 - db_helper - INFO - Fetching expenses for date: 2024-08-07
2025-05-10 10:29:52,447 - db_helper - INFO - Connection Successful
2025-05-10 10:29:52,450 - db_helper - INFO - Connection closed
2025-05-10 10:29:52,472 - db_helper - INFO - Fetching monthly expense analytics.
2025-05-10 10:29:52,625 - db_helper - INFO - Connection Successful
2025-05-10 10:29:52,671 - db_helper - INFO - Connection closed
2025-05-10 10:29:58,491 - db_helper - INFO - Fetching expenses for date: 2024-08-01
2025-05-10 10:29:58,934 - db_helper - INFO - Connection Successful
2025-05-10 10:29:59,093 - db_helper - INFO - Connection closed
2025-05-10 10:29:59,133 - db_helper - INFO - Fetching monthly expense analytics.
2025-05-10 10:30:00,032 - db_helper - INFO - Connection Successful
2025-05-10 10:30:00,034 - db_helper - INFO - Connection closed
2025-05-10 10:30:52,638 - db_helper - INFO - Fetching expenses for date: 2024-08-01
2025-05-10 10:30:52,877 - db_helper - INFO - Connection Successful
2025-05-10 10:30:52,892 - db_helper - INFO - Connection closed
2025-05-10 10:30:52,909 - db_helper - INFO - Fetching monthly expense analytics.
2025-05-10 10:30:52,993 - db_helper - INFO - Connection Successful
2025-05-10 10:30:52,996 - db_helper - INFO - Connection closed
2025-05-10 10:31:17,649 - db_helper - INFO - Fetching expenses for date: 2024-08-01
2025-05-10 10:31:17,799 - db_helper - INFO - Connection Successful
2025-05-10 10:31:17,813 - db_helper - INFO - Connection closed
2025-05-10 10:31:49,336 - db_helper - INFO - Fetching expenses for date: 2024-08-01
2025-05-10 10:31:49,586 - db_helper - INFO - Connection Successful
2025-05-10 10:31:49,596 - db_helper - INFO - Connection closed
2025-05-10 10:31:52,874 - db_helper - INFO - Fetching expenses for date: 2024-08-01
2025-05-10 10:31:53,078 - db_helper - INFO - Connection Successful
2025-05-10 10:31:53,081 - db_helper - INFO - Connection closed
2025-05-10 10:31:53,109 - db_helper - INFO - Fetching monthly expense analytics.
2025-05-10 10:31:53,574 - db_helper - INFO - Connection Successful
2025-05-10 10:31:53,576 - db_helper - INFO - Connection closed
2025-05-10 10:31:56,121 - db_helper - INFO - Fetching expenses for date: 2024-08-01
2025-05-10 10:31:56,291 - db_helper - INFO - Connection Successful
2025-05-10 10:31:56,293 - db_helper - INFO - Connection closed
2025-05-10 10:32:26,487 - db_helper - INFO - Fetching expenses for date: 2024-08-01
2025-05-10 10:32:26,745 - db_helper - INFO - Connection Successful
2025-05-10 10:32:26,753 - db_helper - INFO - Connection closed
2025-05-10 10:32:26,774 - db_helper - INFO - Fetching monthly expense analytics.
2025-05-10 10:32:26,870 - db_helper - INFO - Connection Successful
2025-05-10 10:32:26,872 - db_helper - INFO - Connection closed
2025-05-10 10:32:28,312 - db_helper - INFO - Fetching expenses for date: 2024-08-01
2025-05-10 10:32:28,412 - db_helper - INFO - Connection Successful
2025-05-10 10:32:28,415 - db_helper - INFO - Connection closed
2025-05-10 10:36:11,724 - db_helper - INFO - Fetching expenses for date: 2024-08-01
2025-05-10 10:36:11,985 - db_helper - INFO - Connection Successful
2025-05-10 10:36:12,020 - db_helper - INFO - Connection closed
2025-05-10 10:36:12,052 - db_helper - INFO - Fetching monthly expense analytics.
2025-05-10 10:36:12,177 - db_helper - INFO - Connection Successful
2025-05-10 10:36:12,186 - db_helper - INFO - Connection closed
2025-05-10 10:36:14,730 - db_helper - INFO - Fetching expenses for date: 2024-08-01
2025-05-10 10:36:14,843 - db_helper - INFO - Connection Successful
2025-05-10 10:36:14,846 - db_helper - INFO - Connection closed
2025-05-10 10:36:14,868 - db_helper - INFO - Fetching expense summary from 2024-08-01 to 2024-08-05
2025-05-10 10:36:14,988 - db_helper - INFO - Connection Successful
2025-05-10 10:36:14,991 - db_helper - INFO - Connection closed
2025-05-10 10:36:15,046 - db_helper - INFO - Fetching monthly expense analytics.
2025-05-10 10:36:15,228 - db_helper - INFO - Connection Successful
2025-05-10 10:36:15,229 - db_helper - INFO - Connection closed
2025-05-10 10:42:08,395 - db_helper - INFO - Fetching expenses for date: 2024-08-01
2025-05-10 10:42:08,657 - db_helper - INFO - Connection Successful
2025-05-10 10:42:08,660 - db_helper - INFO - Connection closed
2025-05-10 10:42:08,682 - db_helper - INFO - Fetching monthly expense analytics.
2025-05-10 10:42:08,782 - db_helper - INFO - Connection Successful
2025-05-10 10:42:08,784 - db_helper - INFO - Connection closed
2025-05-10 10:42:10,509 - db_helper - INFO - Fetching expenses for date: 2024-08-01
2025-05-10 10:42:10,620 - db_helper - INFO - Connection Successful
2025-05-10 10:42:10,622 - db_helper - INFO - Connection closed
2025-05-10 10:42:10,639 - db_helper - INFO - Fetching expense summary from 2024-08-01 to 2024-08-05
2025-05-10 10:42:10,730 - db_helper - INFO - Connection Successful
2025-05-10 10:42:10,732 - db_helper - INFO - Connection closed
2025-05-10 10:44:31,990 - db_helper - INFO - Fetching expenses for date: 2024-08-01
2025-05-10 10:44:32,342 - db_helper - INFO - Connection Successful
2025-05-10 10:44:32,345 - db_helper - INFO - Connection closed
2025-05-10 10:44:32,368 - db_helper - INFO - Fetching monthly expense analytics.
2025-05-10 10:44:32,503 - db_helper - INFO - Connection Successful
2025-05-10 10:44:32,515 - db_helper - INFO - Connection closed
2025-05-10 10:44:34,077 - db_helper - INFO - Fetching expenses for date: 2024-08-01
2025-05-10 10:44:34,192 - db_helper - INFO - Connection Successful
2025-05-10 10:44:34,199 - db_helper - INFO - Connection closed
2025-05-10 10:44:34,217 - db_helper - INFO - Fetching expense summary from 2024-08-01 to 2024-08-05
2025-05-10 10:44:34,298 - db_helper - INFO - Connection Successful
2025-05-10 10:44:34,301 - db_helper - INFO - Connection closed
2025-05-10 10:44:34,319 - db_helper - INFO - Fetching monthly expense analytics.
2025-05-10 10:44:34,403 - db_helper - INFO - Connection Successful
2025-05-10 10:44:34,405 - db_helper - INFO - Connection closed
2025-05-10 10:44:42,908 - db_helper - INFO - Fetching expenses for date: 2024-08-01
2025-05-10 10:44:43,056 - db_helper - INFO - Connection Successful
2025-05-10 10:44:43,076 - db_helper - INFO - Connection closed
2025-05-10 10:44:43,104 - db_helper - INFO - Fetching monthly expense analytics.
2025-05-10 10:44:43,230 - db_helper - INFO - Connection Successful
2025-05-10 10:44:43,232 - db_helper - INFO - Connection closed
2025-05-10 10:44:46,326 - db_helper - INFO - Fetching expenses for date: 2024-08-01
2025-05-10 10:44:46,523 - db_helper - INFO - Connection Successful
2025-05-10 10:44:46,536 - db_helper - INFO - Connection closed
2025-05-10 10:44:46,554 - db_helper - INFO - Fetching expense summary from 2024-08-01 to 2024-08-05
2025-05-10 10:44:46,669 - db_helper - INFO - Connection Successful
2025-05-10 10:44:46,677 - db_helper - INFO - Connection closed
2025-05-10 10:44:46,708 - db_helper - INFO - Fetching monthly expense analytics.
2025-05-10 10:44:46,840 - db_helper - INFO - Connection Successful
2025-05-10 10:44:46,842 - db_helper - INFO - Connection closed
2025-05-10 10:53:00,064 - db_helper - INFO - Fetching expenses for date: 2024-08-01
2025-05-10 10:53:00,261 - db_helper - INFO - Connection Successful
2025-05-10 10:53:00,265 - db_helper - INFO - Connection closed
2025-05-10 10:53:00,287 - db_helper - INFO - Fetching monthly expense analytics.
2025-05-10 10:53:00,415 - db_helper - INFO - Connection Successful
2025-05-10 10:53:00,418 - db_helper - INFO - Connection closed
2025-05-10 10:53:02,093 - db_helper - INFO - Fetching expenses for date: 2024-08-01
2025-05-10 10:53:02,198 - db_helper - INFO - Connection Successful
2025-05-10 10:53:02,205 - db_helper - INFO - Connection closed
2025-05-10 10:53:02,222 - db_helper - INFO - Fetching expense summary from 2024-08-01 to 2024-08-05
2025-05-10 10:53:02,311 - db_helper - INFO - Connection Successful
2025-05-10 10:53:02,314 - db_helper - INFO - Connection closed
2025-05-10 10:53:02,334 - db_helper - INFO - Fetching monthly expense analytics.
2025-05-10 10:53:02,431 - db_helper - INFO - Connection Successful
2025-05-10 10:53:02,433 - db_helper - INFO - Connection closed
2025-05-10 10:54:01,281 - db_helper - INFO - Fetching expenses for date: 2024-08-01
2025-05-10 10:54:01,439 - db_helper - INFO - Connection Successful
2025-05-10 10:54:01,457 - db_helper - INFO - Connection closed
2025-05-10 10:54:01,474 - db_helper - INFO - Fetching monthly expense analytics.
2025-05-10 10:54:01,619 - db_helper - INFO - Connection Successful
2025-05-10 10:54:01,620 - db_helper - INFO - Connection closed
2025-05-10 10:54:03,572 - db_helper - INFO - Fetching expenses for date: 2024-08-01
2025-05-10 10:54:03,673 - db_helper - INFO - Connection Successful
2025-05-10 10:54:03,676 - db_helper - INFO - Connection closed
2025-05-10 10:54:03,694 - db_helper - INFO - Fetching expense summary from 2024-08-01 to 2024-08-05
2025-05-10 10:54:03,776 - db_helper - INFO - Connection Successful
2025-05-10 10:54:03,778 - db_helper - INFO - Connection closed
2025-05-10 10:54:03,797 - db_helper - INFO - Fetching monthly expense analytics.
2025-05-10 10:54:03,876 - db_helper - INFO - Connection Successful
2025-05-10 10:54:03,878 - db_helper - INFO - Connection closed
2025-05-10 10:55:51,761 - db_helper - INFO - Fetching expenses for date: 2024-08-01
2025-05-10 10:55:51,956 - db_helper - INFO - Connection Successful
2025-05-10 10:55:51,965 - db_helper - INFO - Connection closed
2025-05-10 10:55:51,986 - db_helper - INFO - Fetching monthly expense analytics.
2025-05-10 10:55:52,082 - db_helper - INFO - Connection Successful
2025-05-10 10:55:52,084 - db_helper - INFO - Connection closed
2025-05-10 10:55:53,540 - db_helper - INFO - Fetching expenses for date: 2024-08-01
2025-05-10 10:55:53,659 - db_helper - INFO - Connection Successful
2025-05-10 10:55:53,661 - db_helper - INFO - Connection closed
2025-05-10 10:55:53,700 - db_helper - INFO - Fetching expense summary from 2024-08-01 to 2024-08-05
2025-05-10 10:55:53,802 - db_helper - INFO - Connection Successful
2025-05-10 10:55:53,806 - db_helper - INFO - Connection closed
2025-05-10 10:55:53,840 - db_helper - INFO - Fetching monthly expense analytics.
2025-05-10 10:55:53,930 - db_helper - INFO - Connection Successful
2025-05-10 10:55:53,931 - db_helper - INFO - Connection closed
2025-05-10 10:56:54,508 - db_helper - INFO - Fetching expenses for date: 2024-08-01
2025-05-10 10:56:54,707 - db_helper - INFO - Connection Successful
2025-05-10 10:56:54,715 - db_helper - INFO - Connection closed
2025-05-10 10:56:54,738 - db_helper - INFO - Fetching monthly expense analytics.
2025-05-10 10:56:54,850 - db_helper - INFO - Connection Successful
2025-05-10 10:56:54,851 - db_helper - INFO - Connection closed
2025-05-10 10:56:56,712 - db_helper - INFO - Fetching expenses for date: 2024-08-01
2025-05-10 10:56:56,848 - db_helper - INFO - Connection Successful
2025-05-10 10:56:56,857 - db_helper - INFO - Connection closed
2025-05-10 10:56:56,876 - db_helper - INFO - Fetching expense summary from 2024-08-01 to 2024-08-05
2025-05-10 10:56:56,963 - db_helper - INFO - Connection Successful
2025-05-10 10:56:56,965 - db_helper - INFO - Connection closed
2025-05-10 10:56:56,985 - db_helper - INFO - Fetching monthly expense analytics.
2025-05-10 10:56:57,064 - db_helper - INFO - Connection Successful
2025-05-10 10:56:57,066 - db_helper - INFO - Connection closed
2025-05-10 10:58:12,411 - db_helper - INFO - Fetching expenses for date: 2024-08-01
2025-05-10 10:58:12,598 - db_helper - INFO - Connection Successful
2025-05-10 10:58:12,630 - db_helper - INFO - Connection closed
2025-05-10 10:58:12,653 - db_helper - INFO - Fetching monthly expense analytics.
2025-05-10 10:58:12,801 - db_helper - INFO - Connection Successful
2025-05-10 10:58:12,802 - db_helper - INFO - Connection closed
2025-05-10 10:58:14,655 - db_helper - INFO - Fetching expenses for date: 2024-08-01
2025-05-10 10:58:14,814 - db_helper - INFO - Connection Successful
2025-05-10 10:58:14,823 - db_helper - INFO - Connection closed
2025-05-10 10:58:14,847 - db_helper - INFO - Fetching expense summary from 2024-08-01 to 2024-08-05
2025-05-10 10:58:14,978 - db_helper - INFO - Connection Successful
2025-05-10 10:58:14,980 - db_helper - INFO - Connection closed
2025-05-10 10:58:15,001 - db_helper - INFO - Fetching monthly expense analytics.
2025-05-10 10:58:15,139 - db_helper - INFO - Connection Successful
2025-05-10 10:58:15,141 - db_helper - INFO - Connection closed
2025-05-10 11:02:33,509 - db_helper - INFO - Fetching expenses for date: 2024-08-01
2025-05-10 11:02:33,920 - db_helper - INFO - Connection Successful
2025-05-10 11:02:33,922 - db_helper - INFO - Connection closed
2025-05-10 11:02:33,941 - db_helper - INFO - Fetching monthly expense analytics.
2025-05-10 11:02:34,145 - db_helper - INFO - Connection Successful
2025-05-10 11:02:34,149 - db_helper - INFO - Connection closed
2025-05-10 11:02:38,338 - db_helper - INFO - Fetching expenses for date: 2024-08-01
2025-05-10 11:02:38,459 - db_helper - INFO - Connection Successful
2025-05-10 11:02:38,472 - db_helper - INFO - Connection closed
2025-05-10 11:02:38,491 - db_helper - INFO - Fetching monthly expense analytics.
2025-05-10 11:02:38,596 - db_helper - INFO - Connection Successful
2025-05-10 11:02:38,605 - db_helper - INFO - Connection closed
2025-05-10 11:02:50,615 - db_helper - INFO - Fetching expenses for date: 2024-08-01
2025-05-10 11:02:50,735 - db_helper - INFO - Connection Successful
2025-05-10 11:02:50,756 - db_helper - INFO - Connection closed
2025-05-10 11:02:50,794 - db_helper - INFO - Fetching monthly expense analytics.
2025-05-10 11:02:50,895 - db_helper - INFO - Connection Successful
2025-05-10 11:02:50,897 - db_helper - INFO - Connection closed
2025-05-10 11:02:53,457 - db_helper - INFO - Fetching expenses for date: 2024-08-01
2025-05-10 11:02:53,644 - db_helper - INFO - Connection Successful
2025-05-10 11:02:53,655 - db_helper - INFO - Connection closed
2025-05-10 11:02:53,683 - db_helper - INFO - Fetching expense summary from 2024-08-01 to 2024-08-05
2025-05-10 11:02:53,796 - db_helper - INFO - Connection Successful
2025-05-10 11:02:53,805 - db_helper - INFO - Connection closed
2025-05-10 11:02:53,912 - db_helper - INFO - Fetching monthly expense analytics.
2025-05-10 11:02:54,054 - db_helper - INFO - Connection Successful
2025-05-10 11:02:54,056 - db_helper - INFO - Connection closed
2025-05-10 11:03:50,801 - db_helper - INFO - Fetching expenses for date: 2024-08-01
2025-05-10 11:03:51,130 - db_helper - INFO - Connection Successful
2025-05-10 11:03:51,163 - db_helper - INFO - Connection closed
2025-05-10 11:03:51,195 - db_helper - INFO - Fetching monthly expense analytics.
2025-05-10 11:03:51,390 - db_helper - INFO - Connection Successful
2025-05-10 11:03:51,392 - db_helper - INFO - Connection closed
2025-05-10 11:03:53,401 - db_helper - INFO - Fetching expenses for date: 2024-08-01
2025-05-10 11:03:53,513 - db_helper - INFO - Connection Successful
2025-05-10 11:03:53,515 - db_helper - INFO - Connection closed
2025-05-10 11:03:53,538 - db_helper - INFO - Fetching expense summary from 2024-08-01 to 2024-08-05
2025-05-10 11:03:53,632 - db_helper - INFO - Connection Successful
2025-05-10 11:03:53,634 - db_helper - INFO - Connection closed
2025-05-10 11:03:53,656 - db_helper - INFO - Fetching monthly expense analytics.
2025-05-10 11:03:53,743 - db_helper - INFO - Connection Successful
2025-05-10 11:03:53,745 - db_helper - INFO - Connection closed
2025-05-10 11:04:48,961 - db_helper - INFO - Fetching expenses for date: 2024-08-01
2025-05-10 11:04:49,163 - db_helper - INFO - Connection Successful
2025-05-10 11:04:49,172 - db_helper - INFO - Connection closed
2025-05-10 11:04:49,194 - db_helper - INFO - Fetching monthly expense analytics.
2025-05-10 11:04:49,313 - db_helper - INFO - Connection Successful
2025-05-10 11:04:49,315 - db_helper - INFO - Connection closed
2025-05-10 11:04:50,763 - db_helper - INFO - Fetching expenses for date: 2024-08-01
2025-05-10 11:04:50,850 - db_helper - INFO - Connection Successful
2025-05-10 11:04:50,852 - db_helper - INFO - Connection closed
2025-05-10 11:04:50,885 - db_helper - INFO - Fetching expense summary from 2024-08-01 to 2024-08-05
2025-05-10 11:04:50,966 - db_helper - INFO - Connection Successful
2025-05-10 11:04:50,969 - db_helper - INFO - Connection closed
2025-05-10 11:04:50,990 - db_helper - INFO - Fetching monthly expense analytics.
2025-05-10 11:04:51,070 - db_helper - INFO - Connection Successful
2025-05-10 11:04:51,072 - db_helper - INFO - Connection closed
2025-05-10 11:39:00,750 - db_helper - INFO - Fetching expenses for date: 2024-08-01
2025-05-10 11:39:01,090 - db_helper - INFO - Connection Successful
2025-05-10 11:39:01,093 - db_helper - INFO - Connection closed
2025-05-10 11:39:01,116 - db_helper - INFO - Fetching monthly expense analytics.
2025-05-10 11:39:01,266 - db_helper - INFO - Connection Successful
2025-05-10 11:39:01,268 - db_helper - INFO - Connection closed
2025-05-10 11:39:05,708 - db_helper - INFO - Fetching expenses for date: 2024-08-01
2025-05-10 11:39:05,855 - db_helper - INFO - Connection Successful
2025-05-10 11:39:05,864 - db_helper - INFO - Connection closed
2025-05-10 11:39:05,886 - db_helper - INFO - Fetching expense summary from 2024-08-01 to 2024-08-05
2025-05-10 11:39:05,979 - db_helper - INFO - Connection Successful
2025-05-10 11:39:05,989 - db_helper - INFO - Connection closed
2025-05-10 11:39:06,010 - db_helper - INFO - Fetching monthly expense analytics.
2025-05-10 11:39:06,109 - db_helper - INFO - Connection Successful
2025-05-10 11:39:06,113 - db_helper - INFO - Connection closed
2025-05-10 11:39:11,109 - db_helper - INFO - Fetching expenses for date: 2024-08-01
2025-05-10 11:39:11,264 - db_helper - INFO - Connection Successful
2025-05-10 11:39:11,272 - db_helper - INFO - Connection closed
2025-05-10 11:39:11,292 - db_helper - INFO - Fetching monthly expense analytics.
2025-05-10 11:39:11,530 - db_helper - INFO - Connection Successful
2025-05-10 11:39:11,533 - db_helper - INFO - Connection closed
2025-05-10 11:39:13,868 - db_helper - INFO - Fetching expenses for date: 2024-08-01
2025-05-10 11:39:13,952 - db_helper - INFO - Connection Successful
2025-05-10 11:39:13,955 - db_helper - INFO - Connection closed
2025-05-10 11:39:13,972 - db_helper - INFO - Fetching expense summary from 2024-08-01 to 2024-08-05
2025-05-10 11:39:14,086 - db_helper - INFO - Connection Successful
2025-05-10 11:39:14,088 - db_helper - INFO - Connection closed
2025-05-10 11:39:14,109 - db_helper - INFO - Fetching monthly expense analytics.
2025-05-10 11:39:14,235 - db_helper - INFO - Connection Successful
2025-05-10 11:39:14,236 - db_helper - INFO - Connection closed
2025-05-10 11:39:19,376 - db_helper - INFO - Fetching expenses for date: 2024-08-01
2025-05-10 11:39:19,495 - db_helper - INFO - Connection Successful
2025-05-10 11:39:19,507 - db_helper - INFO - Connection closed
2025-05-10 11:39:19,529 - db_helper - INFO - Fetching monthly expense analytics.
2025-05-10 11:39:19,635 - db_helper - INFO - Connection Successful
2025-05-10 11:39:19,638 - db_helper - INFO - Connection closed
2025-05-10 11:39:21,076 - db_helper - INFO - Fetching expenses for date: 2024-08-01
2025-05-10 11:39:21,172 - db_helper - INFO - Connection Successful
2025-05-10 11:39:21,175 - db_helper - INFO - Connection closed
2025-05-10 11:39:21,193 - db_helper - INFO - Fetching expense summary from 2024-08-01 to 2024-08-04
2025-05-10 11:39:21,275 - db_helper - INFO - Connection Successful
2025-05-10 11:39:21,277 - db_helper - INFO - Connection closed
2025-05-10 11:39:21,301 - db_helper - INFO - Fetching monthly expense analytics.
2025-05-10 11:39:21,464 - db_helper - INFO - Connection Successful
2025-05-10 11:39:21,466 - db_helper - INFO - Connection closed
2025-05-10 11:39:27,651 - db_helper - INFO - Fetching expenses for date: 2024-08-01
2025-05-10 11:39:27,798 - db_helper - INFO - Connection Successful
2025-05-10 11:39:27,815 - db_helper - INFO - Connection closed
2025-05-10 11:39:27,852 - db_helper - INFO - Fetching monthly expense analytics.
2025-05-10 11:39:27,966 - db_helper - INFO - Connection Successful
2025-05-10 11:39:27,968 - db_helper - INFO - Connection closed
2025-05-10 11:39:29,445 - db_helper - INFO - Fetching expenses for date: 2024-08-01
2025-05-10 11:39:29,616 - db_helper - INFO - Connection Successful
2025-05-10 11:39:29,623 - db_helper - INFO - Connection closed
2025-05-10 11:39:29,644 - db_helper - INFO - Fetching expense summary from 2024-08-01 to 2024-08-03
2025-05-10 11:39:29,745 - db_helper - INFO - Connection Successful
2025-05-10 11:39:29,750 - db_helper - INFO - Connection closed
2025-05-10 11:39:29,772 - db_helper - INFO - Fetching monthly expense analytics.
2025-05-10 11:39:29,897 - db_helper - INFO - Connection Successful
2025-05-10 11:39:29,899 - db_helper - INFO - Connection closed
2025-05-10 11:39:36,338 - db_helper - INFO - Fetching expenses for date: 2024-08-01
2025-05-10 11:39:36,481 - db_helper - INFO - Connection Successful
2025-05-10 11:39:36,486 - db_helper - INFO - Connection closed
2025-05-10 11:39:36,504 - db_helper - INFO - Fetching monthly expense analytics.
2025-05-10 11:39:36,598 - db_helper - INFO - Connection Successful
2025-05-10 11:39:36,600 - db_helper - INFO - Connection closed
2025-05-10 11:39:37,653 - db_helper - INFO - Fetching expenses for date: 2024-08-01
2025-05-10 11:39:37,749 - db_helper - INFO - Connection Successful
2025-05-10 11:39:37,751 - db_helper - INFO - Connection closed
2025-05-10 11:39:37,771 - db_helper - INFO - Fetching expense summary from 2024-08-01 to 2024-08-02
2025-05-10 11:39:37,854 - db_helper - INFO - Connection Successful
2025-05-10 11:39:37,856 - db_helper - INFO - Connection closed
2025-05-10 11:39:37,878 - db_helper - INFO - Fetching monthly expense analytics.
2025-05-10 11:39:37,959 - db_helper - INFO - Connection Successful
2025-05-10 11:39:37,961 - db_helper - INFO - Connection closed
2025-05-10 11:39:45,524 - db_helper - INFO - Fetching expenses for date: 2024-08-01
2025-05-10 11:39:45,674 - db_helper - INFO - Connection Successful
2025-05-10 11:39:45,691 - db_helper - INFO - Connection closed
2025-05-10 11:39:45,709 - db_helper - INFO - Fetching monthly expense analytics.
2025-05-10 11:39:45,806 - db_helper - INFO - Connection Successful
2025-05-10 11:39:45,808 - db_helper - INFO - Connection closed
2025-05-10 11:39:47,293 - db_helper - INFO - Fetching expenses for date: 2024-08-01
2025-05-10 11:39:47,390 - db_helper - INFO - Connection Successful
2025-05-10 11:39:47,410 - db_helper - INFO - Connection closed
2025-05-10 11:39:47,431 - db_helper - INFO - Fetching expense summary from 2024-08-01 to 2024-08-15
2025-05-10 11:39:47,541 - db_helper - INFO - Connection Successful
2025-05-10 11:39:47,543 - db_helper - INFO - Connection closed
2025-05-10 11:39:47,567 - db_helper - INFO - Fetching monthly expense analytics.
2025-05-10 11:39:47,652 - db_helper - INFO - Connection Successful
2025-05-10 11:39:47,654 - db_helper - INFO - Connection closed
2025-05-10 11:40:25,624 - db_helper - INFO - Fetching expenses for date: 2024-08-01
2025-05-10 11:40:25,758 - db_helper - INFO - Connection Successful
2025-05-10 11:40:25,767 - db_helper - INFO - Connection closed
2025-05-10 11:40:25,789 - db_helper - INFO - Fetching monthly expense analytics.
2025-05-10 11:40:25,881 - db_helper - INFO - Connection Successful
2025-05-10 11:40:25,883 - db_helper - INFO - Connection closed
2025-05-10 11:40:27,067 - db_helper - INFO - Fetching expenses for date: 2024-08-01
2025-05-10 11:40:27,154 - db_helper - INFO - Connection Successful
2025-05-10 11:40:27,157 - db_helper - INFO - Connection closed
2025-05-10 11:40:27,184 - db_helper - INFO - Fetching expense summary from 2024-08-01 to 2024-08-25
2025-05-10 11:40:27,285 - db_helper - INFO - Connection Successful
2025-05-10 11:40:27,287 - db_helper - INFO - Connection closed
2025-05-10 11:40:27,324 - db_helper - INFO - Fetching monthly expense analytics.
2025-05-10 11:40:27,435 - db_helper - INFO - Connection Successful
2025-05-10 11:40:27,437 - db_helper - INFO - Connection closed
2025-05-10 11:40:34,845 - db_helper - INFO - Fetching expenses for date: 2024-08-01
2025-05-10 11:40:34,947 - db_helper - INFO - Connection Successful
2025-05-10 11:40:34,950 - db_helper - INFO - Connection closed
2025-05-10 11:40:34,979 - db_helper - INFO - Fetching monthly expense analytics.
2025-05-10 11:40:35,158 - db_helper - INFO - Connection Successful
2025-05-10 11:40:35,267 - db_helper - INFO - Connection closed
2025-05-10 11:40:36,606 - db_helper - INFO - Fetching expenses for date: 2024-08-01
2025-05-10 11:40:36,733 - db_helper - INFO - Connection Successful
2025-05-10 11:40:36,736 - db_helper - INFO - Connection closed
2025-05-10 11:40:36,755 - db_helper - INFO - Fetching expense summary from 2024-08-01 to 2024-08-05
2025-05-10 11:40:36,838 - db_helper - INFO - Connection Successful
2025-05-10 11:40:36,843 - db_helper - INFO - Connection closed
2025-05-10 11:40:36,864 - db_helper - INFO - Fetching monthly expense analytics.
2025-05-10 11:40:36,949 - db_helper - INFO - Connection Successful
2025-05-10 11:40:36,951 - db_helper - INFO - Connection closed
2025-05-10 11:43:18,158 - db_helper - INFO - Fetching expenses for date: 2024-08-01
2025-05-10 11:43:18,341 - db_helper - INFO - Connection Successful
2025-05-10 11:43:18,351 - db_helper - INFO - Connection closed
2025-05-10 11:43:18,372 - db_helper - INFO - Fetching expense summary from 2024-08-01 to 2024-08-05
2025-05-10 11:43:18,474 - db_helper - INFO - Connection Successful
2025-05-10 11:43:18,476 - db_helper - INFO - Connection closed
2025-05-10 11:43:18,497 - db_helper - INFO - Fetching monthly expense analytics.
2025-05-10 11:43:18,581 - db_helper - INFO - Connection Successful
2025-05-10 11:43:18,583 - db_helper - INFO - Connection closed
2025-05-10 12:31:26,775 - db_helper - INFO - Fetching expenses for date: 2024-08-01
2025-05-10 12:31:28,736 - db_helper - INFO - Fetching expenses for date: 2024-08-01
2025-05-10 12:31:28,920 - db_helper - INFO - Connection Successful
2025-05-10 12:31:29,011 - db_helper - INFO - Connection Successful
2025-05-10 12:31:29,128 - db_helper - INFO - Connection closed
2025-05-10 12:31:29,163 - db_helper - INFO - Connection closed
2025-05-10 12:31:30,146 - db_helper - INFO - Fetching monthly expense analytics.
2025-05-10 12:31:30,310 - db_helper - INFO - Connection Successful
2025-05-10 12:31:30,354 - db_helper - INFO - Connection closed
2025-05-10 12:31:35,689 - db_helper - INFO - Fetching expenses for date: 2024-08-01
2025-05-10 12:31:35,862 - db_helper - INFO - Connection Successful
2025-05-10 12:31:35,869 - db_helper - INFO - Connection closed
2025-05-10 12:31:35,995 - db_helper - INFO - Fetching expense summary from 2024-08-01 to 2024-08-05
2025-05-10 12:31:36,186 - db_helper - INFO - Connection Successful
2025-05-10 12:31:36,194 - db_helper - INFO - Connection closed
2025-05-10 12:31:36,268 - db_helper - INFO - Fetching monthly expense analytics.
2025-05-10 12:31:36,453 - db_helper - INFO - Connection Successful
2025-05-10 12:31:36,463 - db_helper - INFO - Connection closed
2025-05-10 12:41:52,961 - db_helper - INFO - Fetching expenses for date: 2024-08-01
2025-05-10 12:41:54,072 - db_helper - INFO - Connection Successful
2025-05-10 12:41:54,123 - db_helper - INFO - Connection closed
2025-05-10 12:41:54,167 - db_helper - INFO - Fetching monthly expense analytics.
2025-05-10 12:41:54,337 - db_helper - INFO - Connection Successful
2025-05-10 12:41:54,382 - db_helper - INFO - Connection closed
2025-05-10 12:42:01,509 - db_helper - INFO - Fetching expenses for date: 2024-08-01
2025-05-10 12:42:02,062 - db_helper - INFO - Connection Successful
2025-05-10 12:42:02,160 - db_helper - INFO - Connection closed
2025-05-10 12:42:02,190 - db_helper - INFO - Fetching monthly expense analytics.
2025-05-10 12:42:02,527 - db_helper - INFO - Connection Successful
2025-05-10 12:42:02,529 - db_helper - INFO - Connection closed
2025-05-10 12:45:12,766 - db_helper - INFO - Fetching expenses for date: 2024-08-01
2025-05-10 12:45:13,108 - db_helper - INFO - Connection Successful
2025-05-10 12:45:13,192 - db_helper - INFO - Connection closed
2025-05-10 12:45:13,216 - db_helper - INFO - Fetching monthly expense analytics.
2025-05-10 12:45:13,331 - db_helper - INFO - Connection Successful
2025-05-10 12:45:13,333 - db_helper - INFO - Connection closed
2025-05-10 12:45:18,403 - db_helper - INFO - Fetching expenses for date: 2024-08-01
2025-05-10 12:45:18,594 - db_helper - INFO - Connection Successful
2025-05-10 12:45:18,597 - db_helper - INFO - Connection closed
2025-05-10 12:45:18,627 - db_helper - INFO - Fetching monthly expense analytics.
2025-05-10 12:45:18,749 - db_helper - INFO - Connection Successful
2025-05-10 12:45:18,751 - db_helper - INFO - Connection closed
2025-05-10 12:45:24,945 - db_helper - INFO - Fetching expenses for date: 2024-08-01
2025-05-10 12:45:25,116 - db_helper - INFO - Connection Successful
2025-05-10 12:45:25,126 - db_helper - INFO - Connection closed
2025-05-10 12:45:25,171 - db_helper - INFO - Fetching monthly expense analytics.
2025-05-10 12:45:25,308 - db_helper - INFO - Connection Successful
2025-05-10 12:45:25,310 - db_helper - INFO - Connection closed
2025-05-10 12:45:27,726 - db_helper - INFO - Fetching expenses for date: 2024-08-01
2025-05-10 12:45:27,811 - db_helper - INFO - Connection Successful
2025-05-10 12:45:27,825 - db_helper - INFO - Connection closed
2025-05-10 12:45:27,849 - db_helper - INFO - Fetching expense summary from 2024-08-01 to 2024-08-05
2025-05-10 12:45:27,950 - db_helper - INFO - Connection Successful
2025-05-10 12:45:27,953 - db_helper - INFO - Connection closed
2025-05-10 12:45:27,982 - db_helper - INFO - Fetching monthly expense analytics.
2025-05-10 12:45:28,069 - db_helper - INFO - Connection Successful
2025-05-10 12:45:28,072 - db_helper - INFO - Connection closed
2025-05-10 13:56:07,047 - db_helper - INFO - Fetching expenses for date: 2024-08-01
2025-05-10 13:56:08,491 - db_helper - INFO - Connection Successful
2025-05-10 13:56:08,937 - db_helper - INFO - Connection closed
2025-05-10 13:56:08,970 - db_helper - INFO - Fetching monthly expense analytics.
2025-05-10 13:56:09,358 - db_helper - INFO - Connection Successful
2025-05-10 13:56:09,491 - db_helper - INFO - Connection closed
2025-05-10 13:56:14,476 - db_helper - INFO - Fetching expenses for date: 2024-08-01
2025-05-10 13:56:14,781 - db_helper - INFO - Connection Successful
2025-05-10 13:56:14,794 - db_helper - INFO - Connection closed
2025-05-10 13:56:14,814 - db_helper - INFO - Fetching expense summary from 2024-08-01 to 2024-08-05
2025-05-10 13:56:14,946 - db_helper - INFO - Connection Successful
2025-05-10 13:56:15,008 - db_helper - INFO - Connection closed
2025-05-10 13:56:15,138 - db_helper - INFO - Fetching monthly expense analytics.
2025-05-10 13:56:15,358 - db_helper - INFO - Connection Successful
2025-05-10 13:56:15,364 - db_helper - INFO - Connection closed
2025-05-10 13:57:32,845 - db_helper - INFO - Fetching expenses for date: 2024-08-01
2025-05-10 13:57:33,241 - db_helper - INFO - Connection Successful
2025-05-10 13:57:33,256 - db_helper - INFO - Connection closed
2025-05-10 13:57:33,273 - db_helper - INFO - Fetching monthly expense analytics.
2025-05-10 13:57:33,542 - db_helper - INFO - Connection Successful
2025-05-10 13:57:33,548 - db_helper - INFO - Connection closed
2025-05-10 13:57:38,228 - db_helper - INFO - Fetching expenses for date: 2024-08-01
2025-05-10 13:57:38,955 - db_helper - INFO - Connection Successful
2025-05-10 13:57:38,981 - db_helper - INFO - Connection closed
2025-05-10 13:57:39,004 - db_helper - INFO - Fetching expense summary from 2024-08-01 to 2024-08-05
2025-05-10 13:57:39,085 - db_helper - INFO - Connection Successful
2025-05-10 13:57:39,126 - db_helper - INFO - Connection closed
2025-05-10 13:57:39,153 - db_helper - INFO - Fetching monthly expense analytics.
2025-05-10 13:57:39,318 - db_helper - INFO - Connection Successful
2025-05-10 13:57:39,320 - db_helper - INFO - Connection closed
2025-05-10 13:58:39,420 - db_helper - INFO - Fetching expenses for date: 2024-08-08
2025-05-10 13:58:39,755 - db_helper - INFO - Connection Successful
2025-05-10 13:58:39,757 - db_helper - INFO - Connection closed
2025-05-10 13:58:39,760 - db_helper - INFO - Fetching expenses for date: 9999-08-15
2025-05-10 13:58:39,807 - db_helper - INFO - Connection Successful
2025-05-10 13:58:39,808 - db_helper - INFO - Connection closed
2025-05-10 13:58:39,813 - db_helper - INFO - Fetching expense summary from 9999-08-01 to 9999-12-31
2025-05-10 13:58:39,891 - db_helper - INFO - Connection Successful
2025-05-10 13:58:39,895 - db_helper - INFO - Connection closed
2025-05-10 20:34:07,456 - db_helper - INFO - Fetching expenses for date: 2024-08-01
2025-05-10 20:34:10,959 - db_helper - INFO - Connection Successful
2025-05-10 20:34:11,701 - db_helper - INFO - Connection closed
2025-05-10 20:34:12,530 - db_helper - INFO - Fetching monthly expense analytics.
2025-05-10 20:34:12,847 - db_helper - INFO - Connection Successful
2025-05-10 20:34:13,397 - db_helper - INFO - Connection closed
2025-05-10 20:34:18,100 - db_helper - INFO - Fetching expenses for date: 2024-08-01
2025-05-10 20:34:18,392 - db_helper - INFO - Connection Successful
2025-05-10 20:34:18,410 - db_helper - INFO - Connection closed
2025-05-10 20:34:19,508 - db_helper - INFO - Fetching expense summary from 2024-08-01 to 2024-08-05
2025-05-10 20:34:19,722 - db_helper - INFO - Connection Successful
2025-05-10 20:34:19,735 - db_helper - INFO - Connection closed
2025-05-10 20:34:27,768 - db_helper - INFO - Fetching monthly expense analytics.
2025-05-10 20:34:27,773 - db_helper - INFO - Fetching expenses for date: 2024-08-01
2025-05-10 20:34:28,164 - db_helper - INFO - Connection Successful
2025-05-10 20:34:28,165 - db_helper - INFO - Connection closed
2025-05-10 20:34:28,184 - db_helper - INFO - Connection Successful
2025-05-10 20:34:28,186 - db_helper - INFO - Connection closed
2025-05-10 20:34:28,254 - db_helper - INFO - Fetching expense summary from 2024-08-01 to 2024-08-05
2025-05-10 20:34:28,415 - db_helper - INFO - Connection Successful
2025-05-10 20:34:28,426 - db_helper - INFO - Connection closed
2025-05-10 20:34:28,450 - db_helper - INFO - Fetching monthly expense analytics.
2025-05-10 20:34:28,607 - db_helper - INFO - Connection Successful
2025-05-10 20:34:28,609 - db_helper - INFO - Connection closed
2025-05-10 20:34:32,253 - db_helper - INFO - Fetching expenses for date: 2024-08-01
2025-05-10 20:34:32,551 - db_helper - INFO - Connection Successful
2025-05-10 20:34:32,560 - db_helper - INFO - Connection closed
2025-05-10 20:34:32,579 - db_helper - INFO - Fetching monthly expense analytics.
2025-05-10 20:34:32,783 - db_helper - INFO - Connection Successful
2025-05-10 20:34:32,785 - db_helper - INFO - Connection closed
2025-05-10 20:34:37,372 - db_helper - INFO - Fetching expenses for date: 2024-08-01
2025-05-10 20:34:37,535 - db_helper - INFO - Connection Successful
2025-05-10 20:34:37,541 - db_helper - INFO - Connection closed
2025-05-10 20:34:37,557 - db_helper - INFO - Fetching expense summary from 2024-08-01 to 2024-08-05
2025-05-10 20:34:37,768 - db_helper - INFO - Connection Successful
2025-05-10 20:34:37,777 - db_helper - INFO - Connection closed
2025-05-10 20:34:37,800 - db_helper - INFO - Fetching monthly expense analytics.
2025-05-10 20:34:37,951 - db_helper - INFO - Connection Successful
2025-05-10 20:34:37,953 - db_helper - INFO - Connection closed
